[2023-05-20 21:56:17,160] root - INFO - Starting data ingestion
[2023-05-20 21:56:17,232] root - INFO - Exporting data from mongodb to feature store
[2023-05-20 21:56:27,970] root - INFO - Exported dataframe
[2023-05-20 21:56:28,492] root - INFO - Performed train test split on the dataframe
[2023-05-20 21:56:28,492] root - INFO - Exited split_data_as_train_test method of Data_Ingestion class
[2023-05-20 21:56:28,493] root - INFO - Exporting train and test file path.
[2023-05-20 21:56:30,250] root - INFO - Exported train and test file path.
[2023-05-20 21:56:30,801] root - INFO - Data ingestion completed and artifact: DataIngestionArtifact(trained_file_path='artifact\\05_20_2023_21_56_12\\data_ingestion\\ingested\\train.csv', test_file_path='artifact\\05_20_2023_21_56_12\\data_ingestion\\ingested\\test.csv')
[2023-05-20 21:56:32,266] root - INFO - Required number of columns: 164
[2023-05-20 21:56:32,266] root - INFO - Data frame has columns: 164
[2023-05-20 21:56:32,266] root - INFO - Required number of columns: 164
[2023-05-20 21:56:32,266] root - INFO - Data frame has columns: 164
[2023-05-20 21:56:32,266] root - INFO - Missing numerical columns: [[]]
[2023-05-20 21:56:32,266] root - INFO - Missing numerical columns: [[]]
[2023-05-20 21:56:33,445] root - INFO - Data validation artifact: DataValidationArtifact(validation_status=False, valid_train_file_path='artifact\\05_20_2023_21_56_12\\data_ingestion\\ingested\\train.csv', valid_test_file_path='artifact\\05_20_2023_21_56_12\\data_ingestion\\ingested\\test.csv', invalid_train_file_path=None, invalid_test_file_path=None, drift_report_file_path='artifact\\05_20_2023_21_56_12\\data_validation\\drift_report\\report.yaml')
[2023-05-20 21:57:10,922] root - INFO - Entered the save_object method of MainUtils class
[2023-05-20 21:57:10,926] root - INFO - Exited the save_object method of MainUtils class
[2023-05-20 21:57:10,926] root - INFO - Data transformation artifact: DataTransformationArtifact(transformed_object_file_path='artifact\\05_20_2023_21_56_12\\data_transformation\\transformed_object\\preprocessing.pkl', transformed_train_file_path='artifact\\05_20_2023_21_56_12\\data_transformation\\transformed\\train.npy', transformed_test_file_path='artifact\\05_20_2023_21_56_12\\data_transformation\\transformed\\test.npy')
[2023-05-20 21:58:41,254] root - INFO - Entered the save_object method of MainUtils class
[2023-05-20 21:58:41,266] root - INFO - Exited the save_object method of MainUtils class
[2023-05-20 21:58:41,266] root - INFO - Model trainer artifact: ModelTrainerArtifact(trained_model_file_path='artifact\\05_20_2023_21_56_12\\model_trainer\\trained_model\\model.pkl', train_metric_artifact=ClassificationMetricArtifact(f1_score=1.0, precision_score=1.0, recall_score=1.0), test_metric_artifact=ClassificationMetricArtifact(f1_score=0.978361893697357, precision_score=0.9946847777941827, recall_score=0.9625660808686956))
[2023-05-20 21:58:42,953] root - INFO - Model evaluation artifact: ModelEvaluationArtifact(is_model_accepted=True, improved_accuracy=None, best_model_path=None, trained_model_path='artifact\\05_20_2023_21_56_12\\model_trainer\\trained_model\\model.pkl', train_model_metric_artifact=ClassificationMetricArtifact(f1_score=0.978361893697357, precision_score=0.9946847777941827, recall_score=0.9625660808686956), best_model_metric_artifact=None)
