[2023-05-14 23:13:38,183] root - INFO - Starting data ingestion
[2023-05-14 23:13:38,222] root - INFO - Exporting data from mongodb to feature store
[2023-05-14 23:13:45,828] root - INFO - Exported dataframe
[2023-05-14 23:13:46,211] root - INFO - Performed train test split on the dataframe
[2023-05-14 23:13:46,211] root - INFO - Exited split_data_as_train_test method of Data_Ingestion class
[2023-05-14 23:13:46,212] root - INFO - Exporting train and test file path.
[2023-05-14 23:13:47,571] root - INFO - Exported train and test file path.
[2023-05-14 23:13:47,963] root - INFO - Data ingestion completed and artifact: DataIngestionArtifact(trained_file_path='artifact\\05_14_2023_23_13_35\\data_ingestion\\ingested\\train.csv', test_file_path='artifact\\05_14_2023_23_13_35\\data_ingestion\\ingested\\test.csv')
[2023-05-14 23:13:48,701] root - INFO - Required number of columns: 164
[2023-05-14 23:13:48,701] root - INFO - Data frame has columns: 164
[2023-05-14 23:13:48,701] root - INFO - Required number of columns: 164
[2023-05-14 23:13:48,701] root - INFO - Data frame has columns: 164
[2023-05-14 23:13:48,701] root - INFO - Missing numerical columns: [[]]
[2023-05-14 23:13:48,701] root - INFO - Missing numerical columns: [[]]
[2023-05-14 23:13:49,721] root - INFO - Data validation artifact: DataValidationArtifact(validation_status=False, valid_train_file_path='artifact\\05_14_2023_23_13_35\\data_ingestion\\ingested\\train.csv', valid_test_file_path='artifact\\05_14_2023_23_13_35\\data_ingestion\\ingested\\test.csv', invalid_train_file_path=None, invalid_test_file_path=None, drift_report_file_path='artifact\\05_14_2023_23_13_35\\data_validation\\drift_report\\report.yaml')
[2023-05-14 23:14:11,164] root - INFO - Entered the save_object method of MainUtils class
[2023-05-14 23:14:11,166] root - INFO - Exited the save_object method of MainUtils class
[2023-05-14 23:14:11,167] root - INFO - Data transformation artifact: DataTransformationArtifact(transformed_object_file_path='artifact\\05_14_2023_23_13_35\\data_transformation\\transformed_object\\preprocessing.pkl', transformed_train_file_path='artifact\\05_14_2023_23_13_35\\data_transformation\\transformed\\train.npy', transformed_test_file_path='artifact\\05_14_2023_23_13_35\\data_transformation\\transformed\\test.npy')
[2023-05-14 23:15:07,365] root - INFO - Entered the save_object method of MainUtils class
[2023-05-14 23:15:07,376] root - INFO - Exited the save_object method of MainUtils class
[2023-05-14 23:15:07,376] root - INFO - Model trainer artifact: ModelTrainerArtifact(trained_model_file_path='artifact\\05_14_2023_23_13_35\\model_trainer\\trained_model\\model.pkl', train_metric_artifact=ClassificationMetricArtifact(f1_score=1.0, precision_score=1.0, recall_score=1.0), test_metric_artifact=ClassificationMetricArtifact(f1_score=0.97582993593477, precision_score=0.9934776163652534, recall_score=0.9587982832618026))
