[2023-05-24 17:55:28,259] root - INFO - ***********  MONGODB_URL_KEY accesed ************
[2023-05-24 17:55:30,352] root - INFO - Starting data ingestion
[2023-05-24 17:55:30,405] root - INFO - Exporting data from mongodb to feature store
[2023-05-24 17:55:38,895] root - INFO - Exported dataframe
[2023-05-24 17:55:39,399] root - INFO - Performed train test split on the dataframe
[2023-05-24 17:55:39,399] root - INFO - Exited split_data_as_train_test method of Data_Ingestion class
[2023-05-24 17:55:39,400] root - INFO - Exporting train and test file path.
[2023-05-24 17:55:41,449] root - INFO - Exported train and test file path.
[2023-05-24 17:55:41,878] root - INFO - Data ingestion completed and artifact: DataIngestionArtifact(trained_file_path='artifact\\05_24_2023_17_55_28\\data_ingestion\\ingested\\train.csv', test_file_path='artifact\\05_24_2023_17_55_28\\data_ingestion\\ingested\\test.csv')
[2023-05-24 17:55:42,909] root - INFO - Required number of columns: 164
[2023-05-24 17:55:42,909] root - INFO - Data frame has columns: 164
[2023-05-24 17:55:42,909] root - INFO - Required number of columns: 164
[2023-05-24 17:55:42,909] root - INFO - Data frame has columns: 164
[2023-05-24 17:55:42,910] root - INFO - Missing numerical columns: [[]]
[2023-05-24 17:55:42,910] root - INFO - Missing numerical columns: [[]]
[2023-05-24 17:55:43,948] root - INFO - Data validation artifact: DataValidationArtifact(validation_status=False, valid_train_file_path='artifact\\05_24_2023_17_55_28\\data_ingestion\\ingested\\train.csv', valid_test_file_path='artifact\\05_24_2023_17_55_28\\data_ingestion\\ingested\\test.csv', invalid_train_file_path=None, invalid_test_file_path=None, drift_report_file_path='artifact\\05_24_2023_17_55_28\\data_validation\\drift_report\\report.yaml')
[2023-05-24 17:56:09,446] root - INFO - Entered the save_object method of MainUtils class
[2023-05-24 17:56:09,450] root - INFO - Exited the save_object method of MainUtils class
[2023-05-24 17:56:09,450] root - INFO - Data transformation artifact: DataTransformationArtifact(transformed_object_file_path='artifact\\05_24_2023_17_55_28\\data_transformation\\transformed_object\\preprocessing.pkl', transformed_train_file_path='artifact\\05_24_2023_17_55_28\\data_transformation\\transformed\\train.npy', transformed_test_file_path='artifact\\05_24_2023_17_55_28\\data_transformation\\transformed\\test.npy')
[2023-05-24 17:57:22,177] root - INFO - Entered the save_object method of MainUtils class
[2023-05-24 17:57:22,188] root - INFO - Exited the save_object method of MainUtils class
[2023-05-24 17:57:22,189] root - INFO - Model trainer artifact: ModelTrainerArtifact(trained_model_file_path='artifact\\05_24_2023_17_55_28\\model_trainer\\trained_model\\model.pkl', train_metric_artifact=ClassificationMetricArtifact(f1_score=1.0, precision_score=1.0, recall_score=1.0), test_metric_artifact=ClassificationMetricArtifact(f1_score=0.9762371920645303, precision_score=0.9942273534635879, recall_score=0.9588865096359743))
[2023-05-24 17:57:24,097] root - INFO - Model evaluation artifact: ModelEvaluationArtifact(is_model_accepted=False, improved_accuracy=-0.003968253968253954, best_model_path='saved_models\\1684600123\\model.pkl', trained_model_path='artifact\\05_24_2023_17_55_28\\model_trainer\\trained_model\\model.pkl', train_model_metric_artifact=ClassificationMetricArtifact(f1_score=0.9603174603174602, precision_score=0.952755905511811, recall_score=0.968), best_model_metric_artifact=ClassificationMetricArtifact(f1_score=0.9642857142857142, precision_score=0.9566929133858267, recall_score=0.972))
